<?xml version="1.0" encoding="UTF-8"?>
<!-- Generated by org.testng.reporters.JUnitReportReporter -->
<testsuite hostname="DESKTOP-U43NNUI" failures="0" tests="1" name="Practice.Excel.PracticeOfReg" time="7.900" errors="0" timestamp="2022-06-30T00:35:25 IST" skipped="0">
  <testcase classname="Practice.Excel.PracticeOfReg" name="Log" time="7.900"/>
  <system-out/>
</testsuite> <!-- Practice.Excel.PracticeOfReg -->
